MP.7 Detector SHITOMASI keypoints 1370 img 0000 smallest 4 biggest 4
MP.7 Detector SHITOMASI keypoints 1301 img 0001 smallest 4 biggest 4
MP.7 Detector SHITOMASI keypoints 1361 img 0002 smallest 4 biggest 4
MP.7 Detector SHITOMASI keypoints 1358 img 0003 smallest 4 biggest 4
MP.7 Detector SHITOMASI keypoints 1333 img 0004 smallest 4 biggest 4
MP.7 Detector SHITOMASI keypoints 1284 img 0005 smallest 4 biggest 4
MP.7 Detector SHITOMASI keypoints 1322 img 0006 smallest 4 biggest 4
MP.7 Detector SHITOMASI keypoints 1366 img 0007 smallest 4 biggest 4
MP.7 Detector SHITOMASI keypoints 1389 img 0008 smallest 4 biggest 4
MP.7 Detector SHITOMASI keypoints 1339 img 0009 smallest 4 biggest 4
MP.7 Detector HARRIS keypoints 339 img 0000 smallest 6 biggest 6
MP.7 Detector HARRIS keypoints 286 img 0001 smallest 6 biggest 6
MP.7 Detector HARRIS keypoints 349 img 0002 smallest 6 biggest 6
MP.7 Detector HARRIS keypoints 356 img 0003 smallest 6 biggest 6
MP.7 Detector HARRIS keypoints 521 img 0004 smallest 6 biggest 6
MP.7 Detector HARRIS keypoints 2611 img 0005 smallest 6 biggest 6
MP.7 Detector HARRIS keypoints 200 img 0006 smallest 6 biggest 6
MP.7 Detector HARRIS keypoints 806 img 0007 smallest 6 biggest 6
MP.7 Detector HARRIS keypoints 572 img 0008 smallest 6 biggest 6
MP.7 Detector HARRIS keypoints 1471 img 0009 smallest 6 biggest 6
MP.7 Detector BRISK keypoints 2757 img 0000 smallest 8.4 biggest 72
MP.7 Detector BRISK keypoints 2777 img 0001 smallest 8.4 biggest 72
MP.7 Detector BRISK keypoints 2741 img 0002 smallest 8.4 biggest 72
MP.7 Detector BRISK keypoints 2735 img 0003 smallest 8.4 biggest 72
MP.7 Detector BRISK keypoints 2757 img 0004 smallest 8.4 biggest 72
MP.7 Detector BRISK keypoints 2695 img 0005 smallest 8.4 biggest 72
MP.7 Detector BRISK keypoints 2715 img 0006 smallest 8.4 biggest 72
MP.7 Detector BRISK keypoints 2628 img 0007 smallest 8.4 biggest 72
MP.7 Detector BRISK keypoints 2639 img 0008 smallest 8.4 biggest 72
MP.7 Detector BRISK keypoints 2672 img 0009 smallest 8.4 biggest 72
MP.7 Detector FAST keypoints 1824 img 0000 smallest 7 biggest 7
MP.7 Detector FAST keypoints 1832 img 0001 smallest 7 biggest 7
MP.7 Detector FAST keypoints 1810 img 0002 smallest 7 biggest 7
MP.7 Detector FAST keypoints 1817 img 0003 smallest 7 biggest 7
MP.7 Detector FAST keypoints 1793 img 0004 smallest 7 biggest 7
MP.7 Detector FAST keypoints 1796 img 0005 smallest 7 biggest 7
MP.7 Detector FAST keypoints 1788 img 0006 smallest 7 biggest 7
MP.7 Detector FAST keypoints 1695 img 0007 smallest 7 biggest 7
MP.7 Detector FAST keypoints 1749 img 0008 smallest 7 biggest 7
MP.7 Detector FAST keypoints 1770 img 0009 smallest 7 biggest 7
MP.7 Detector ORB keypoints 500 img 0000 smallest 31 biggest 111.079
MP.7 Detector ORB keypoints 500 img 0001 smallest 31 biggest 111.079
MP.7 Detector ORB keypoints 500 img 0002 smallest 31 biggest 111.079
MP.7 Detector ORB keypoints 500 img 0003 smallest 31 biggest 111.079
MP.7 Detector ORB keypoints 500 img 0004 smallest 31 biggest 111.079
MP.7 Detector ORB keypoints 500 img 0005 smallest 31 biggest 111.079
MP.7 Detector ORB keypoints 500 img 0006 smallest 31 biggest 111.079
MP.7 Detector ORB keypoints 500 img 0007 smallest 31 biggest 111.079
MP.7 Detector ORB keypoints 500 img 0008 smallest 31 biggest 111.079
MP.7 Detector ORB keypoints 500 img 0009 smallest 31 biggest 111.079
MP.7 Detector AKAZE keypoints 1351 img 0000 smallest 4.8 biggest 27.1529
MP.7 Detector AKAZE keypoints 1327 img 0001 smallest 4.8 biggest 22.8328
MP.7 Detector AKAZE keypoints 1311 img 0002 smallest 4.8 biggest 22.8328
MP.7 Detector AKAZE keypoints 1351 img 0003 smallest 4.8 biggest 22.8328
MP.7 Detector AKAZE keypoints 1360 img 0004 smallest 4.8 biggest 22.8328
MP.7 Detector AKAZE keypoints 1347 img 0005 smallest 4.8 biggest 22.8328
MP.7 Detector AKAZE keypoints 1363 img 0006 smallest 4.8 biggest 22.8328
MP.7 Detector AKAZE keypoints 1331 img 0007 smallest 4.8 biggest 22.8328
MP.7 Detector AKAZE keypoints 1357 img 0008 smallest 4.8 biggest 22.8328
MP.7 Detector AKAZE keypoints 1331 img 0009 smallest 4.8 biggest 22.8328
MP.7 Detector SIFT keypoints 1437 img 0000 smallest 1.83381 biggest 51.7024
MP.7 Detector SIFT keypoints 1371 img 0001 smallest 1.80249 biggest 49.9662
MP.7 Detector SIFT keypoints 1381 img 0002 smallest 1.80168 biggest 45.5431
MP.7 Detector SIFT keypoints 1336 img 0003 smallest 1.80762 biggest 45.1026
MP.7 Detector SIFT keypoints 1303 img 0004 smallest 1.80638 biggest 44.4822
MP.7 Detector SIFT keypoints 1370 img 0005 smallest 1.79811 biggest 43.6918
MP.7 Detector SIFT keypoints 1396 img 0006 smallest 1.81692 biggest 42.849
MP.7 Detector SIFT keypoints 1382 img 0007 smallest 1.81313 biggest 40.8619
MP.7 Detector SIFT keypoints 1462 img 0008 smallest 1.79669 biggest 40.8994
MP.7 Detector SIFT keypoints 1422 img 0009 smallest 1.80244 biggest 40.9259
