MP.8 Det SHITOMASI Desc BRIEF matches 112 img 0001 note_keypts 117 0.957265
MP.8 Det SHITOMASI Desc BRIEF matches 111 img 0002 note_keypts 122 0.909836
MP.8 Det SHITOMASI Desc BRIEF matches 102 img 0003 note_keypts 117 0.871795
MP.8 Det SHITOMASI Desc BRIEF matches 100 img 0004 note_keypts 115 0.869565
MP.8 Det SHITOMASI Desc BRIEF matches 99 img 0005 note_keypts 112 0.883929
MP.8 Det SHITOMASI Desc BRIEF matches 99 img 0006 note_keypts 112 0.883929
MP.8 Det SHITOMASI Desc BRIEF matches 98 img 0007 note_keypts 120 0.816667
MP.8 Det SHITOMASI Desc BRIEF matches 108 img 0008 note_keypts 111 0.972973
MP.8 Det SHITOMASI Desc BRIEF matches 99 img 0009 note_keypts 108 0.916667
MP.8 Det SHITOMASI Desc ORB matches 104 img 0001 note_keypts 117 0.888889
MP.8 Det SHITOMASI Desc ORB matches 102 img 0002 note_keypts 122 0.836066
MP.8 Det SHITOMASI Desc ORB matches 96 img 0003 note_keypts 117 0.820513
MP.8 Det SHITOMASI Desc ORB matches 100 img 0004 note_keypts 115 0.869565
MP.8 Det SHITOMASI Desc ORB matches 102 img 0005 note_keypts 112 0.910714
MP.8 Det SHITOMASI Desc ORB matches 94 img 0006 note_keypts 112 0.839286
MP.8 Det SHITOMASI Desc ORB matches 96 img 0007 note_keypts 120 0.8
MP.8 Det SHITOMASI Desc ORB matches 103 img 0008 note_keypts 111 0.927928
MP.8 Det SHITOMASI Desc ORB matches 94 img 0009 note_keypts 108 0.87037
MP.8 Det SHITOMASI Desc FREAK matches 86 img 0001 note_keypts 117 0.735043
MP.8 Det SHITOMASI Desc FREAK matches 90 img 0002 note_keypts 122 0.737705
MP.8 Det SHITOMASI Desc FREAK matches 83 img 0003 note_keypts 117 0.709402
MP.8 Det SHITOMASI Desc FREAK matches 87 img 0004 note_keypts 115 0.756522
MP.8 Det SHITOMASI Desc FREAK matches 85 img 0005 note_keypts 112 0.758929
MP.8 Det SHITOMASI Desc FREAK matches 79 img 0006 note_keypts 112 0.705357
MP.8 Det SHITOMASI Desc FREAK matches 80 img 0007 note_keypts 120 0.666667
MP.8 Det SHITOMASI Desc FREAK matches 86 img 0008 note_keypts 111 0.774775
MP.8 Det SHITOMASI Desc FREAK matches 82 img 0009 note_keypts 108 0.759259
MP.8 Det SHITOMASI Desc BRISK matches 94 img 0001 note_keypts 117 0.803419
MP.8 Det SHITOMASI Desc BRISK matches 88 img 0002 note_keypts 122 0.721311
MP.8 Det SHITOMASI Desc BRISK matches 78 img 0003 note_keypts 117 0.666667
MP.8 Det SHITOMASI Desc BRISK matches 87 img 0004 note_keypts 115 0.756522
MP.8 Det SHITOMASI Desc BRISK matches 83 img 0005 note_keypts 112 0.741071
MP.8 Det SHITOMASI Desc BRISK matches 78 img 0006 note_keypts 112 0.696429
MP.8 Det SHITOMASI Desc BRISK matches 83 img 0007 note_keypts 120 0.691667
MP.8 Det SHITOMASI Desc BRISK matches 86 img 0008 note_keypts 111 0.774775
MP.8 Det SHITOMASI Desc BRISK matches 79 img 0009 note_keypts 108 0.731481
MP.8 Det SHITOMASI Desc SIFT matches 110 img 0001 note_keypts 117 0.940171
MP.8 Det SHITOMASI Desc SIFT matches 108 img 0002 note_keypts 122 0.885246
MP.8 Det SHITOMASI Desc SIFT matches 102 img 0003 note_keypts 117 0.871795
MP.8 Det SHITOMASI Desc SIFT matches 101 img 0004 note_keypts 115 0.878261
MP.8 Det SHITOMASI Desc SIFT matches 98 img 0005 note_keypts 112 0.875
MP.8 Det SHITOMASI Desc SIFT matches 98 img 0006 note_keypts 112 0.875
MP.8 Det SHITOMASI Desc SIFT matches 93 img 0007 note_keypts 120 0.775
MP.8 Det SHITOMASI Desc SIFT matches 105 img 0008 note_keypts 111 0.945946
MP.8 Det SHITOMASI Desc SIFT matches 95 img 0009 note_keypts 108 0.87963

MP.8 Det HARRIS Desc BRIEF matches 25 img 0001 note_keypts 39 0.641026
MP.8 Det HARRIS Desc BRIEF matches 19 img 0002 note_keypts 62 0.306452
MP.8 Det HARRIS Desc BRIEF matches 45 img 0003 note_keypts 56 0.803571
MP.8 Det HARRIS Desc BRIEF matches 28 img 0004 note_keypts 83 0.337349
MP.8 Det HARRIS Desc BRIEF matches 26 img 0005 note_keypts 312 0.0833333
MP.8 Det HARRIS Desc BRIEF matches 114 img 0006 note_keypts 36 3.16667
MP.8 Det HARRIS Desc BRIEF matches 17 img 0007 note_keypts 130 0.130769
MP.8 Det HARRIS Desc BRIEF matches 70 img 0008 note_keypts 93 0.752688
MP.8 Det HARRIS Desc BRIEF matches 50 img 0009 note_keypts 186 0.268817
MP.8 Det HARRIS Desc ORB matches 26 img 0001 note_keypts 39 0.666667
MP.8 Det HARRIS Desc ORB matches 20 img 0002 note_keypts 62 0.322581
MP.8 Det HARRIS Desc ORB matches 36 img 0003 note_keypts 56 0.642857
MP.8 Det HARRIS Desc ORB matches 27 img 0004 note_keypts 83 0.325301
MP.8 Det HARRIS Desc ORB matches 26 img 0005 note_keypts 312 0.0833333
MP.8 Det HARRIS Desc ORB matches 104 img 0006 note_keypts 36 2.88889
MP.8 Det HARRIS Desc ORB matches 18 img 0007 note_keypts 130 0.138462
MP.8 Det HARRIS Desc ORB matches 75 img 0008 note_keypts 93 0.806452
MP.8 Det HARRIS Desc ORB matches 60 img 0009 note_keypts 186 0.322581
MP.8 Det HARRIS Desc FREAK matches 28 img 0001 note_keypts 39 0.717949
MP.8 Det HARRIS Desc FREAK matches 25 img 0002 note_keypts 62 0.403226
MP.8 Det HARRIS Desc FREAK matches 35 img 0003 note_keypts 56 0.625
MP.8 Det HARRIS Desc FREAK matches 31 img 0004 note_keypts 83 0.373494
MP.8 Det HARRIS Desc FREAK matches 33 img 0005 note_keypts 312 0.105769
MP.8 Det HARRIS Desc FREAK matches 96 img 0006 note_keypts 36 2.66667
MP.8 Det HARRIS Desc FREAK matches 21 img 0007 note_keypts 130 0.161538
MP.8 Det HARRIS Desc FREAK matches 84 img 0008 note_keypts 93 0.903226
MP.8 Det HARRIS Desc FREAK matches 55 img 0009 note_keypts 186 0.295699
MP.8 Det HARRIS Desc BRISK matches 29 img 0001 note_keypts 39 0.74359
MP.8 Det HARRIS Desc BRISK matches 21 img 0002 note_keypts 62 0.33871
MP.8 Det HARRIS Desc BRISK matches 33 img 0003 note_keypts 56 0.589286
MP.8 Det HARRIS Desc BRISK matches 28 img 0004 note_keypts 83 0.337349
MP.8 Det HARRIS Desc BRISK matches 30 img 0005 note_keypts 312 0.0961538
MP.8 Det HARRIS Desc BRISK matches 77 img 0006 note_keypts 36 2.13889
MP.8 Det HARRIS Desc BRISK matches 21 img 0007 note_keypts 130 0.161538
MP.8 Det HARRIS Desc BRISK matches 66 img 0008 note_keypts 93 0.709677
MP.8 Det HARRIS Desc BRISK matches 55 img 0009 note_keypts 186 0.295699
MP.8 Det HARRIS Desc SIFT matches 21 img 0001 note_keypts 39 0.538462
MP.8 Det HARRIS Desc SIFT matches 12 img 0002 note_keypts 62 0.193548
MP.8 Det HARRIS Desc SIFT matches 24 img 0003 note_keypts 56 0.428571
MP.8 Det HARRIS Desc SIFT matches 21 img 0004 note_keypts 83 0.253012
MP.8 Det HARRIS Desc SIFT matches 23 img 0005 note_keypts 312 0.073718
MP.8 Det HARRIS Desc SIFT matches 96 img 0006 note_keypts 36 2.66667
MP.8 Det HARRIS Desc SIFT matches 15 img 0007 note_keypts 130 0.115385
MP.8 Det HARRIS Desc SIFT matches 51 img 0008 note_keypts 93 0.548387
MP.8 Det HARRIS Desc SIFT matches 45 img 0009 note_keypts 186 0.241935

MP.8 Det BRISK Desc BRIEF matches 170 img 0001 note_keypts 264 0.643939
MP.8 Det BRISK Desc BRIEF matches 191 img 0002 note_keypts 267 0.715356
MP.8 Det BRISK Desc BRIEF matches 177 img 0003 note_keypts 264 0.670455
MP.8 Det BRISK Desc BRIEF matches 172 img 0004 note_keypts 282 0.609929
MP.8 Det BRISK Desc BRIEF matches 175 img 0005 note_keypts 266 0.657895
MP.8 Det BRISK Desc BRIEF matches 188 img 0006 note_keypts 277 0.6787
MP.8 Det BRISK Desc BRIEF matches 198 img 0007 note_keypts 259 0.764479
MP.8 Det BRISK Desc BRIEF matches 179 img 0008 note_keypts 248 0.721774
MP.8 Det BRISK Desc BRIEF matches 170 img 0009 note_keypts 239 0.711297
MP.8 Det BRISK Desc ORB matches 152 img 0001 note_keypts 264 0.575758
MP.8 Det BRISK Desc ORB matches 162 img 0002 note_keypts 267 0.606742
MP.8 Det BRISK Desc ORB matches 151 img 0003 note_keypts 264 0.57197
MP.8 Det BRISK Desc ORB matches 153 img 0004 note_keypts 282 0.542553
MP.8 Det BRISK Desc ORB matches 150 img 0005 note_keypts 266 0.56391
MP.8 Det BRISK Desc ORB matches 175 img 0006 note_keypts 277 0.631769
MP.8 Det BRISK Desc ORB matches 156 img 0007 note_keypts 259 0.602317
MP.8 Det BRISK Desc ORB matches 163 img 0008 note_keypts 248 0.657258
MP.8 Det BRISK Desc ORB matches 164 img 0009 note_keypts 239 0.686192
MP.8 Det BRISK Desc FREAK matches 151 img 0001 note_keypts 264 0.57197
MP.8 Det BRISK Desc FREAK matches 170 img 0002 note_keypts 267 0.636704
MP.8 Det BRISK Desc FREAK matches 150 img 0003 note_keypts 264 0.568182
MP.8 Det BRISK Desc FREAK matches 161 img 0004 note_keypts 282 0.570922
MP.8 Det BRISK Desc FREAK matches 156 img 0005 note_keypts 266 0.586466
MP.8 Det BRISK Desc FREAK matches 174 img 0006 note_keypts 277 0.628159
MP.8 Det BRISK Desc FREAK matches 162 img 0007 note_keypts 259 0.625483
MP.8 Det BRISK Desc FREAK matches 164 img 0008 note_keypts 248 0.66129
MP.8 Det BRISK Desc FREAK matches 158 img 0009 note_keypts 239 0.661088
MP.8 Det BRISK Desc BRISK matches 164 img 0001 note_keypts 264 0.621212
MP.8 Det BRISK Desc BRISK matches 167 img 0002 note_keypts 267 0.625468
MP.8 Det BRISK Desc BRISK matches 153 img 0003 note_keypts 264 0.579545
MP.8 Det BRISK Desc BRISK matches 164 img 0004 note_keypts 282 0.58156
MP.8 Det BRISK Desc BRISK matches 166 img 0005 note_keypts 266 0.62406
MP.8 Det BRISK Desc BRISK matches 181 img 0006 note_keypts 277 0.65343
MP.8 Det BRISK Desc BRISK matches 167 img 0007 note_keypts 259 0.644788
MP.8 Det BRISK Desc BRISK matches 160 img 0008 note_keypts 248 0.645161
MP.8 Det BRISK Desc BRISK matches 176 img 0009 note_keypts 239 0.736402
MP.8 Det BRISK Desc SIFT matches 172 img 0001 note_keypts 264 0.651515
MP.8 Det BRISK Desc SIFT matches 180 img 0002 note_keypts 267 0.674157
MP.8 Det BRISK Desc SIFT matches 167 img 0003 note_keypts 264 0.632576
MP.8 Det BRISK Desc SIFT matches 170 img 0004 note_keypts 282 0.602837
MP.8 Det BRISK Desc SIFT matches 162 img 0005 note_keypts 266 0.609023
MP.8 Det BRISK Desc SIFT matches 183 img 0006 note_keypts 277 0.66065
MP.8 Det BRISK Desc SIFT matches 185 img 0007 note_keypts 259 0.714286
MP.8 Det BRISK Desc SIFT matches 165 img 0008 note_keypts 248 0.665323
MP.8 Det BRISK Desc SIFT matches 179 img 0009 note_keypts 239 0.748954

MP.8 Det FAST Desc BRIEF matches 112 img 0001 note_keypts 143 0.783217
MP.8 Det FAST Desc BRIEF matches 121 img 0002 note_keypts 140 0.864286
MP.8 Det FAST Desc BRIEF matches 110 img 0003 note_keypts 149 0.738255
MP.8 Det FAST Desc BRIEF matches 123 img 0004 note_keypts 139 0.884892
MP.8 Det FAST Desc BRIEF matches 99 img 0005 note_keypts 139 0.71223
MP.8 Det FAST Desc BRIEF matches 116 img 0006 note_keypts 153 0.75817
MP.8 Det FAST Desc BRIEF matches 128 img 0007 note_keypts 142 0.901408
MP.8 Det FAST Desc BRIEF matches 120 img 0008 note_keypts 131 0.916031
MP.8 Det FAST Desc BRIEF matches 113 img 0009 note_keypts 135 0.837037
MP.8 Det FAST Desc ORB matches 110 img 0001 note_keypts 143 0.769231
MP.8 Det FAST Desc ORB matches 116 img 0002 note_keypts 140 0.828571
MP.8 Det FAST Desc ORB matches 108 img 0003 note_keypts 149 0.724832
MP.8 Det FAST Desc ORB matches 121 img 0004 note_keypts 139 0.870504
MP.8 Det FAST Desc ORB matches 98 img 0005 note_keypts 139 0.705036
MP.8 Det FAST Desc ORB matches 115 img 0006 note_keypts 153 0.751634
MP.8 Det FAST Desc ORB matches 118 img 0007 note_keypts 142 0.830986
MP.8 Det FAST Desc ORB matches 117 img 0008 note_keypts 131 0.89313
MP.8 Det FAST Desc ORB matches 112 img 0009 note_keypts 135 0.82963
MP.8 Det FAST Desc FREAK matches 92 img 0001 note_keypts 143 0.643357
MP.8 Det FAST Desc FREAK matches 93 img 0002 note_keypts 140 0.664286
MP.8 Det FAST Desc FREAK matches 84 img 0003 note_keypts 149 0.563758
MP.8 Det FAST Desc FREAK matches 94 img 0004 note_keypts 139 0.676259
MP.8 Det FAST Desc FREAK matches 82 img 0005 note_keypts 139 0.589928
MP.8 Det FAST Desc FREAK matches 96 img 0006 note_keypts 153 0.627451
MP.8 Det FAST Desc FREAK matches 100 img 0007 note_keypts 142 0.704225
MP.8 Det FAST Desc FREAK matches 98 img 0008 note_keypts 131 0.748092
MP.8 Det FAST Desc FREAK matches 99 img 0009 note_keypts 135 0.733333
MP.8 Det FAST Desc BRISK matches 92 img 0001 note_keypts 143 0.643357
MP.8 Det FAST Desc BRISK matches 97 img 0002 note_keypts 140 0.692857
MP.8 Det FAST Desc BRISK matches 96 img 0003 note_keypts 149 0.644295
MP.8 Det FAST Desc BRISK matches 96 img 0004 note_keypts 139 0.690647
MP.8 Det FAST Desc BRISK matches 79 img 0005 note_keypts 139 0.568345
MP.8 Det FAST Desc BRISK matches 104 img 0006 note_keypts 153 0.679739
MP.8 Det FAST Desc BRISK matches 104 img 0007 note_keypts 142 0.732394
MP.8 Det FAST Desc BRISK matches 96 img 0008 note_keypts 131 0.732824
MP.8 Det FAST Desc BRISK matches 94 img 0009 note_keypts 135 0.696296
MP.8 Det FAST Desc SIFT matches 112 img 0001 note_keypts 143 0.783217
MP.8 Det FAST Desc SIFT matches 115 img 0002 note_keypts 140 0.821429
MP.8 Det FAST Desc SIFT matches 104 img 0003 note_keypts 149 0.697987
MP.8 Det FAST Desc SIFT matches 114 img 0004 note_keypts 139 0.820144
MP.8 Det FAST Desc SIFT matches 106 img 0005 note_keypts 139 0.76259
MP.8 Det FAST Desc SIFT matches 112 img 0006 note_keypts 153 0.732026
MP.8 Det FAST Desc SIFT matches 118 img 0007 note_keypts 142 0.830986
MP.8 Det FAST Desc SIFT matches 112 img 0008 note_keypts 131 0.854962
MP.8 Det FAST Desc SIFT matches 100 img 0009 note_keypts 135 0.740741

MP.8 Det ORB Desc BRIEF matches 45 img 0001 note_keypts 100 0.45
MP.8 Det ORB Desc BRIEF matches 41 img 0002 note_keypts 104 0.394231
MP.8 Det ORB Desc BRIEF matches 45 img 0003 note_keypts 110 0.409091
MP.8 Det ORB Desc BRIEF matches 59 img 0004 note_keypts 106 0.556604
MP.8 Det ORB Desc BRIEF matches 53 img 0005 note_keypts 121 0.438017
MP.8 Det ORB Desc BRIEF matches 74 img 0006 note_keypts 127 0.582677
MP.8 Det ORB Desc BRIEF matches 66 img 0007 note_keypts 117 0.564103
MP.8 Det ORB Desc BRIEF matches 79 img 0008 note_keypts 116 0.681035
MP.8 Det ORB Desc BRIEF matches 62 img 0009 note_keypts 116 0.534483
MP.8 Det ORB Desc ORB matches 62 img 0001 note_keypts 100 0.62
MP.8 Det ORB Desc ORB matches 68 img 0002 note_keypts 104 0.653846
MP.8 Det ORB Desc ORB matches 70 img 0003 note_keypts 110 0.636364
MP.8 Det ORB Desc ORB matches 82 img 0004 note_keypts 106 0.773585
MP.8 Det ORB Desc ORB matches 88 img 0005 note_keypts 121 0.727273
MP.8 Det ORB Desc ORB matches 95 img 0006 note_keypts 127 0.748031
MP.8 Det ORB Desc ORB matches 88 img 0007 note_keypts 117 0.752137
MP.8 Det ORB Desc ORB matches 87 img 0008 note_keypts 116 0.75
MP.8 Det ORB Desc ORB matches 83 img 0009 note_keypts 116 0.715517
MP.8 Det ORB Desc FREAK matches 37 img 0001 note_keypts 100 0.37
MP.8 Det ORB Desc FREAK matches 35 img 0002 note_keypts 104 0.336538
MP.8 Det ORB Desc FREAK matches 43 img 0003 note_keypts 110 0.390909
MP.8 Det ORB Desc FREAK matches 45 img 0004 note_keypts 106 0.424528
MP.8 Det ORB Desc FREAK matches 43 img 0005 note_keypts 121 0.355372
MP.8 Det ORB Desc FREAK matches 51 img 0006 note_keypts 127 0.401575
MP.8 Det ORB Desc FREAK matches 45 img 0007 note_keypts 117 0.384615
MP.8 Det ORB Desc FREAK matches 45 img 0008 note_keypts 116 0.387931
MP.8 Det ORB Desc FREAK matches 49 img 0009 note_keypts 116 0.422414
MP.8 Det ORB Desc BRISK matches 71 img 0001 note_keypts 100 0.71
MP.8 Det ORB Desc BRISK matches 72 img 0002 note_keypts 104 0.692308
MP.8 Det ORB Desc BRISK matches 77 img 0003 note_keypts 110 0.7
MP.8 Det ORB Desc BRISK matches 83 img 0004 note_keypts 106 0.783019
MP.8 Det ORB Desc BRISK matches 78 img 0005 note_keypts 121 0.644628
MP.8 Det ORB Desc BRISK matches 89 img 0006 note_keypts 127 0.700787
MP.8 Det ORB Desc BRISK matches 85 img 0007 note_keypts 117 0.726496
MP.8 Det ORB Desc BRISK matches 81 img 0008 note_keypts 116 0.698276
MP.8 Det ORB Desc BRISK matches 83 img 0009 note_keypts 116 0.715517
MP.8 Det ORB Desc SIFT matches 62 img 0001 note_keypts 100 0.62
MP.8 Det ORB Desc SIFT matches 77 img 0002 note_keypts 104 0.740385
MP.8 Det ORB Desc SIFT matches 78 img 0003 note_keypts 110 0.709091
MP.8 Det ORB Desc SIFT matches 78 img 0004 note_keypts 106 0.735849
MP.8 Det ORB Desc SIFT matches 79 img 0005 note_keypts 121 0.652893
MP.8 Det ORB Desc SIFT matches 91 img 0006 note_keypts 127 0.716535
MP.8 Det ORB Desc SIFT matches 87 img 0007 note_keypts 117 0.74359
MP.8 Det ORB Desc SIFT matches 89 img 0008 note_keypts 116 0.767241
MP.8 Det ORB Desc SIFT matches 87 img 0009 note_keypts 116 0.75

MP.8 Det AKAZE Desc BRIEF matches 132 img 0001 note_keypts 149 0.885906
MP.8 Det AKAZE Desc BRIEF matches 128 img 0002 note_keypts 152 0.842105
MP.8 Det AKAZE Desc BRIEF matches 124 img 0003 note_keypts 146 0.849315
MP.8 Det AKAZE Desc BRIEF matches 123 img 0004 note_keypts 157 0.78344
MP.8 Det AKAZE Desc BRIEF matches 130 img 0005 note_keypts 160 0.8125
MP.8 Det AKAZE Desc BRIEF matches 144 img 0006 note_keypts 168 0.857143
MP.8 Det AKAZE Desc BRIEF matches 145 img 0007 note_keypts 168 0.863095
MP.8 Det AKAZE Desc BRIEF matches 141 img 0008 note_keypts 168 0.839286
MP.8 Det AKAZE Desc BRIEF matches 142 img 0009 note_keypts 165 0.860606
MP.8 Det AKAZE Desc ORB matches 123 img 0001 note_keypts 149 0.825503
MP.8 Det AKAZE Desc ORB matches 123 img 0002 note_keypts 152 0.809211
MP.8 Det AKAZE Desc ORB matches 119 img 0003 note_keypts 146 0.815068
MP.8 Det AKAZE Desc ORB matches 111 img 0004 note_keypts 157 0.707006
MP.8 Det AKAZE Desc ORB matches 127 img 0005 note_keypts 160 0.79375
MP.8 Det AKAZE Desc ORB matches 130 img 0006 note_keypts 168 0.77381
MP.8 Det AKAZE Desc ORB matches 135 img 0007 note_keypts 168 0.803571
MP.8 Det AKAZE Desc ORB matches 131 img 0008 note_keypts 168 0.779762
MP.8 Det AKAZE Desc ORB matches 134 img 0009 note_keypts 165 0.812121
MP.8 Det AKAZE Desc FREAK matches 119 img 0001 note_keypts 149 0.798658
MP.8 Det AKAZE Desc FREAK matches 123 img 0002 note_keypts 152 0.809211
MP.8 Det AKAZE Desc FREAK matches 120 img 0003 note_keypts 146 0.821918
MP.8 Det AKAZE Desc FREAK matches 113 img 0004 note_keypts 157 0.719745
MP.8 Det AKAZE Desc FREAK matches 119 img 0005 note_keypts 160 0.74375
MP.8 Det AKAZE Desc FREAK matches 131 img 0006 note_keypts 168 0.779762
MP.8 Det AKAZE Desc FREAK matches 140 img 0007 note_keypts 168 0.833333
MP.8 Det AKAZE Desc FREAK matches 137 img 0008 note_keypts 168 0.815476
MP.8 Det AKAZE Desc FREAK matches 128 img 0009 note_keypts 165 0.775758
MP.8 Det AKAZE Desc AKAZE matches 131 img 0001 note_keypts 149 0.879195
MP.8 Det AKAZE Desc AKAZE matches 132 img 0002 note_keypts 152 0.868421
MP.8 Det AKAZE Desc AKAZE matches 126 img 0003 note_keypts 146 0.863014
MP.8 Det AKAZE Desc AKAZE matches 119 img 0004 note_keypts 157 0.757962
MP.8 Det AKAZE Desc AKAZE matches 125 img 0005 note_keypts 160 0.78125
MP.8 Det AKAZE Desc AKAZE matches 145 img 0006 note_keypts 168 0.863095
MP.8 Det AKAZE Desc AKAZE matches 144 img 0007 note_keypts 168 0.857143
MP.8 Det AKAZE Desc AKAZE matches 144 img 0008 note_keypts 168 0.857143
MP.8 Det AKAZE Desc AKAZE matches 137 img 0009 note_keypts 165 0.830303
MP.8 Det AKAZE Desc BRISK matches 129 img 0001 note_keypts 149 0.865772
MP.8 Det AKAZE Desc BRISK matches 121 img 0002 note_keypts 152 0.796053
MP.8 Det AKAZE Desc BRISK matches 124 img 0003 note_keypts 146 0.849315
MP.8 Det AKAZE Desc BRISK matches 121 img 0004 note_keypts 157 0.770701
MP.8 Det AKAZE Desc BRISK matches 127 img 0005 note_keypts 160 0.79375
MP.8 Det AKAZE Desc BRISK matches 130 img 0006 note_keypts 168 0.77381
MP.8 Det AKAZE Desc BRISK matches 139 img 0007 note_keypts 168 0.827381
MP.8 Det AKAZE Desc BRISK matches 138 img 0008 note_keypts 168 0.821429
MP.8 Det AKAZE Desc BRISK matches 134 img 0009 note_keypts 165 0.812121
MP.8 Det AKAZE Desc SIFT matches 127 img 0001 note_keypts 149 0.852349
MP.8 Det AKAZE Desc SIFT matches 129 img 0002 note_keypts 152 0.848684
MP.8 Det AKAZE Desc SIFT matches 123 img 0003 note_keypts 146 0.842466
MP.8 Det AKAZE Desc SIFT matches 129 img 0004 note_keypts 157 0.821656
MP.8 Det AKAZE Desc SIFT matches 134 img 0005 note_keypts 160 0.8375
MP.8 Det AKAZE Desc SIFT matches 145 img 0006 note_keypts 168 0.863095
MP.8 Det AKAZE Desc SIFT matches 144 img 0007 note_keypts 168 0.857143
MP.8 Det AKAZE Desc SIFT matches 146 img 0008 note_keypts 168 0.869048
MP.8 Det AKAZE Desc SIFT matches 142 img 0009 note_keypts 165 0.860606

MP.8 Det SIFT Desc BRIEF matches 83 img 0001 note_keypts 127 0.653543
MP.8 Det SIFT Desc BRIEF matches 73 img 0002 note_keypts 118 0.618644
MP.8 Det SIFT Desc BRIEF matches 71 img 0003 note_keypts 134 0.529851
MP.8 Det SIFT Desc BRIEF matches 82 img 0004 note_keypts 133 0.616541
MP.8 Det SIFT Desc BRIEF matches 67 img 0005 note_keypts 135 0.496296
MP.8 Det SIFT Desc BRIEF matches 74 img 0006 note_keypts 132 0.560606
MP.8 Det SIFT Desc BRIEF matches 75 img 0007 note_keypts 141 0.531915
MP.8 Det SIFT Desc BRIEF matches 67 img 0008 note_keypts 150 0.446667
MP.8 Det SIFT Desc BRIEF matches 84 img 0009 note_keypts 131 0.641221
MP.8 Det SIFT Desc FREAK matches 62 img 0001 note_keypts 127 0.488189
MP.8 Det SIFT Desc FREAK matches 67 img 0002 note_keypts 118 0.567797
MP.8 Det SIFT Desc FREAK matches 62 img 0003 note_keypts 134 0.462687
MP.8 Det SIFT Desc FREAK matches 66 img 0004 note_keypts 133 0.496241
MP.8 Det SIFT Desc FREAK matches 59 img 0005 note_keypts 135 0.437037
MP.8 Det SIFT Desc FREAK matches 59 img 0006 note_keypts 132 0.44697
MP.8 Det SIFT Desc FREAK matches 62 img 0007 note_keypts 141 0.439716
MP.8 Det SIFT Desc FREAK matches 63 img 0008 note_keypts 150 0.42
MP.8 Det SIFT Desc FREAK matches 74 img 0009 note_keypts 131 0.564885
MP.8 Det SIFT Desc BRISK matches 61 img 0001 note_keypts 127 0.480315
MP.8 Det SIFT Desc BRISK matches 61 img 0002 note_keypts 118 0.516949
MP.8 Det SIFT Desc BRISK matches 60 img 0003 note_keypts 134 0.447761
MP.8 Det SIFT Desc BRISK matches 65 img 0004 note_keypts 133 0.488722
MP.8 Det SIFT Desc BRISK matches 59 img 0005 note_keypts 135 0.437037
MP.8 Det SIFT Desc BRISK matches 63 img 0006 note_keypts 132 0.477273
MP.8 Det SIFT Desc BRISK matches 61 img 0007 note_keypts 141 0.432624
MP.8 Det SIFT Desc BRISK matches 64 img 0008 note_keypts 150 0.426667
MP.8 Det SIFT Desc BRISK matches 74 img 0009 note_keypts 131 0.564885
MP.8 Det SIFT Desc SIFT matches 79 img 0001 note_keypts 127 0.622047
MP.8 Det SIFT Desc SIFT matches 77 img 0002 note_keypts 118 0.652542
MP.8 Det SIFT Desc SIFT matches 83 img 0003 note_keypts 134 0.619403
MP.8 Det SIFT Desc SIFT matches 92 img 0004 note_keypts 133 0.691729
MP.8 Det SIFT Desc SIFT matches 91 img 0005 note_keypts 135 0.674074
MP.8 Det SIFT Desc SIFT matches 79 img 0006 note_keypts 132 0.598485
MP.8 Det SIFT Desc SIFT matches 80 img 0007 note_keypts 141 0.567376
MP.8 Det SIFT Desc SIFT matches 98 img 0008 note_keypts 150 0.653333
MP.8 Det SIFT Desc SIFT matches 97 img 0009 note_keypts 131 0.740458

