MP.9 Det SHITOMASI Desc BRIEF img 0000 detectMS 14.4895 extractMS 0.562028 15.0515
MP.9 Det SHITOMASI Desc BRIEF img 0001 detectMS 12.568 extractMS 1.0516 13.6196
MP.9 Det SHITOMASI Desc BRIEF img 0002 detectMS 11.5894 extractMS 0.542457 12.1319
MP.9 Det SHITOMASI Desc BRIEF img 0003 detectMS 9.90081 extractMS 0.490566 10.3914
MP.9 Det SHITOMASI Desc BRIEF img 0004 detectMS 9.14931 extractMS 0.446905 9.59622
MP.9 Det SHITOMASI Desc BRIEF img 0005 detectMS 24.4555 extractMS 0.625933 25.0814
MP.9 Det SHITOMASI Desc BRIEF img 0006 detectMS 9.09928 extractMS 0.43474 9.53402
MP.9 Det SHITOMASI Desc BRIEF img 0007 detectMS 9.08032 extractMS 0.460077 9.54039
MP.9 Det SHITOMASI Desc BRIEF img 0008 detectMS 24.43 extractMS 0.636867 25.0669
MP.9 Det SHITOMASI Desc BRIEF img 0009 detectMS 9.13671 extractMS 0.428287 9.565


MP.9 Det SHITOMASI Desc ORB img 0000 detectMS 14.4209 extractMS 0.848787 15.2697
MP.9 Det SHITOMASI Desc ORB img 0001 detectMS 12.3805 extractMS 1.03642 13.4169
MP.9 Det SHITOMASI Desc ORB img 0002 detectMS 12.585 extractMS 0.803554 13.3886
MP.9 Det SHITOMASI Desc ORB img 0003 detectMS 29.4642 extractMS 1.01989 30.4841
MP.9 Det SHITOMASI Desc ORB img 0004 detectMS 23.9671 extractMS 0.888495 24.8556
MP.9 Det SHITOMASI Desc ORB img 0005 detectMS 15.1126 extractMS 0.726385 15.839
MP.9 Det SHITOMASI Desc ORB img 0006 detectMS 11.8153 extractMS 0.784959 12.6003
MP.9 Det SHITOMASI Desc ORB img 0007 detectMS 29.7833 extractMS 1.1157 30.899
MP.9 Det SHITOMASI Desc ORB img 0008 detectMS 11.8866 extractMS 0.782875 12.6695
MP.9 Det SHITOMASI Desc ORB img 0009 detectMS 29.1199 extractMS 1.06443 30.1844


MP.9 Det SHITOMASI Desc FREAK img 0000 detectMS 14.3916 extractMS 43.4507 57.8423
MP.9 Det SHITOMASI Desc FREAK img 0001 detectMS 12.9164 extractMS 40.5001 53.4165
MP.9 Det SHITOMASI Desc FREAK img 0002 detectMS 11.0783 extractMS 40.995 52.0733
MP.9 Det SHITOMASI Desc FREAK img 0003 detectMS 9.64772 extractMS 40.6588 50.3065
MP.9 Det SHITOMASI Desc FREAK img 0004 detectMS 13.5384 extractMS 41.4014 54.9398
MP.9 Det SHITOMASI Desc FREAK img 0005 detectMS 24.9436 extractMS 42.7588 67.7024
MP.9 Det SHITOMASI Desc FREAK img 0006 detectMS 25.1379 extractMS 43.0113 68.1493
MP.9 Det SHITOMASI Desc FREAK img 0007 detectMS 24.5187 extractMS 42.7771 67.2958
MP.9 Det SHITOMASI Desc FREAK img 0008 detectMS 23.3047 extractMS 42.9243 66.229
MP.9 Det SHITOMASI Desc FREAK img 0009 detectMS 9.41534 extractMS 40.6345 50.0498


MP.9 Det SHITOMASI Desc SIFT img 0000 detectMS 14.3667 extractMS 11.9422 26.309
MP.9 Det SHITOMASI Desc SIFT img 0001 detectMS 10.563 extractMS 9.35812 19.9211
MP.9 Det SHITOMASI Desc SIFT img 0002 detectMS 10.6884 extractMS 9.4875 20.1759
MP.9 Det SHITOMASI Desc SIFT img 0003 detectMS 9.02774 extractMS 10.2838 19.3116
MP.9 Det SHITOMASI Desc SIFT img 0004 detectMS 28.3223 extractMS 11.2115 39.5338
MP.9 Det SHITOMASI Desc SIFT img 0005 detectMS 14.8024 extractMS 9.84718 24.6496
MP.9 Det SHITOMASI Desc SIFT img 0006 detectMS 23.9361 extractMS 11.2589 35.195
MP.9 Det SHITOMASI Desc SIFT img 0007 detectMS 25.8484 extractMS 10.9401 36.7885
MP.9 Det SHITOMASI Desc SIFT img 0008 detectMS 25.0174 extractMS 12.7387 37.7561
MP.9 Det SHITOMASI Desc SIFT img 0009 detectMS 26.43 extractMS 10.7056 37.1356


MP.9 Det HARRIS Desc BRIEF img 0000 detectMS 15.8692 extractMS 0.708213 16.5774
MP.9 Det HARRIS Desc BRIEF img 0001 detectMS 12.7769 extractMS 0.808157 13.5851
MP.9 Det HARRIS Desc BRIEF img 0002 detectMS 13.9882 extractMS 0.814929 14.8031
MP.9 Det HARRIS Desc BRIEF img 0003 detectMS 32.3623 extractMS 0.943561 33.3059
MP.9 Det HARRIS Desc BRIEF img 0004 detectMS 14.741 extractMS 0.88102 15.6221
MP.9 Det HARRIS Desc BRIEF img 0005 detectMS 116.454 extractMS 1.44994 117.904
MP.9 Det HARRIS Desc BRIEF img 0006 detectMS 30.1068 extractMS 1.02518 31.132
MP.9 Det HARRIS Desc BRIEF img 0007 detectMS 36.3291 extractMS 0.974945 37.304
MP.9 Det HARRIS Desc BRIEF img 0008 detectMS 16.3533 extractMS 0.87025 17.2235
MP.9 Det HARRIS Desc BRIEF img 0009 detectMS 58.0829 extractMS 1.121 59.2039


MP.9 Det HARRIS Desc ORB img 0000 detectMS 16.4121 extractMS 0.828839 17.2409
MP.9 Det HARRIS Desc ORB img 0001 detectMS 13.9982 extractMS 0.788196 14.7864
MP.9 Det HARRIS Desc ORB img 0002 detectMS 14.2231 extractMS 0.74174 14.9648
MP.9 Det HARRIS Desc ORB img 0003 detectMS 13.6325 extractMS 0.71069 14.3432
MP.9 Det HARRIS Desc ORB img 0004 detectMS 33.5782 extractMS 0.87932 34.4576
MP.9 Det HARRIS Desc ORB img 0005 detectMS 118.553 extractMS 1.0196 119.573
MP.9 Det HARRIS Desc ORB img 0006 detectMS 27.0402 extractMS 0.925739 27.9659
MP.9 Det HARRIS Desc ORB img 0007 detectMS 37.1708 extractMS 0.822018 37.9929
MP.9 Det HARRIS Desc ORB img 0008 detectMS 32.2287 extractMS 0.77498 33.0037
MP.9 Det HARRIS Desc ORB img 0009 detectMS 57.7109 extractMS 0.845746 58.5566


MP.9 Det HARRIS Desc FREAK img 0000 detectMS 15.6524 extractMS 42.9803 58.6327
MP.9 Det HARRIS Desc FREAK img 0001 detectMS 14.1802 extractMS 39.9493 54.1295
MP.9 Det HARRIS Desc FREAK img 0002 detectMS 12.3603 extractMS 40.6708 53.0311
MP.9 Det HARRIS Desc FREAK img 0003 detectMS 27.8829 extractMS 42.4828 70.3657
MP.9 Det HARRIS Desc FREAK img 0004 detectMS 12.8884 extractMS 41.3596 54.248
MP.9 Det HARRIS Desc FREAK img 0005 detectMS 116.417 extractMS 42.3173 158.734
MP.9 Det HARRIS Desc FREAK img 0006 detectMS 10.6396 extractMS 40.3213 50.961
MP.9 Det HARRIS Desc FREAK img 0007 detectMS 21.2768 extractMS 40.9873 62.2642
MP.9 Det HARRIS Desc FREAK img 0008 detectMS 28.231 extractMS 41.3717 69.6027
MP.9 Det HARRIS Desc FREAK img 0009 detectMS 53.8914 extractMS 41.138 95.0293


MP.9 Det HARRIS Desc BRISK img 0000 detectMS 15.9624 extractMS 1.03643 16.9989
MP.9 Det HARRIS Desc BRISK img 0001 detectMS 13.3665 extractMS 0.971255 14.3378
MP.9 Det HARRIS Desc BRISK img 0002 detectMS 14.3363 extractMS 1.17586 15.5122
MP.9 Det HARRIS Desc BRISK img 0003 detectMS 13.866 extractMS 1.11696 14.983
MP.9 Det HARRIS Desc BRISK img 0004 detectMS 15.6561 extractMS 1.35182 17.008
MP.9 Det HARRIS Desc BRISK img 0005 detectMS 101.946 extractMS 3.37368 105.32
MP.9 Det HARRIS Desc BRISK img 0006 detectMS 12.4573 extractMS 0.973571 13.4308
MP.9 Det HARRIS Desc BRISK img 0007 detectMS 20.8263 extractMS 1.80761 22.6339
MP.9 Det HARRIS Desc BRISK img 0008 detectMS 16.1257 extractMS 1.43291 17.5586
MP.9 Det HARRIS Desc BRISK img 0009 detectMS 40.8738 extractMS 2.30192 43.1757


MP.9 Det HARRIS Desc SIFT img 0000 detectMS 15.9562 extractMS 11.9211 27.8772
MP.9 Det HARRIS Desc SIFT img 0001 detectMS 13.0865 extractMS 8.48217 21.5687
MP.9 Det HARRIS Desc SIFT img 0002 detectMS 11.7485 extractMS 9.89845 21.647
MP.9 Det HARRIS Desc SIFT img 0003 detectMS 30.723 extractMS 13.7113 44.4343
MP.9 Det HARRIS Desc SIFT img 0004 detectMS 15.2872 extractMS 14.1557 29.4428
MP.9 Det HARRIS Desc SIFT img 0005 detectMS 115.49 extractMS 16.5888 132.079
MP.9 Det HARRIS Desc SIFT img 0006 detectMS 27.2231 extractMS 13.6196 40.8427
MP.9 Det HARRIS Desc SIFT img 0007 detectMS 23.5486 extractMS 14.6381 38.1868
MP.9 Det HARRIS Desc SIFT img 0008 detectMS 34.5805 extractMS 12.9606 47.541
MP.9 Det HARRIS Desc SIFT img 0009 detectMS 40.5151 extractMS 14.1072 54.6223


MP.9 Det BRISK Desc BRIEF img 0000 detectMS 36.4302 extractMS 1.0958 37.526
MP.9 Det BRISK Desc BRIEF img 0001 detectMS 35.3287 extractMS 0.929588 36.2583
MP.9 Det BRISK Desc BRIEF img 0002 detectMS 35.2972 extractMS 0.857218 36.1544
MP.9 Det BRISK Desc BRIEF img 0003 detectMS 34.8458 extractMS 0.906459 35.7522
MP.9 Det BRISK Desc BRIEF img 0004 detectMS 35.6421 extractMS 0.899545 36.5417
MP.9 Det BRISK Desc BRIEF img 0005 detectMS 34.8911 extractMS 0.874856 35.7659
MP.9 Det BRISK Desc BRIEF img 0006 detectMS 34.5291 extractMS 0.891965 35.421
MP.9 Det BRISK Desc BRIEF img 0007 detectMS 34.2265 extractMS 0.847151 35.0736
MP.9 Det BRISK Desc BRIEF img 0008 detectMS 34.4042 extractMS 0.830035 35.2343
MP.9 Det BRISK Desc BRIEF img 0009 detectMS 35.1537 extractMS 0.847209 36.0009


MP.9 Det BRISK Desc ORB img 0000 detectMS 36.2582 extractMS 3.67457 39.9327
MP.9 Det BRISK Desc ORB img 0001 detectMS 35.4355 extractMS 3.08077 38.5162
MP.9 Det BRISK Desc ORB img 0002 detectMS 35.3578 extractMS 3.12773 38.4855
MP.9 Det BRISK Desc ORB img 0003 detectMS 36.5023 extractMS 3.20805 39.7103
MP.9 Det BRISK Desc ORB img 0004 detectMS 34.8685 extractMS 3.13213 38.0006
MP.9 Det BRISK Desc ORB img 0005 detectMS 34.7067 extractMS 3.13081 37.8375
MP.9 Det BRISK Desc ORB img 0006 detectMS 34.7001 extractMS 3.19496 37.895
MP.9 Det BRISK Desc ORB img 0007 detectMS 34.1091 extractMS 3.08948 37.1986
MP.9 Det BRISK Desc ORB img 0008 detectMS 34.4579 extractMS 3.08778 37.5456
MP.9 Det BRISK Desc ORB img 0009 detectMS 34.6849 extractMS 3.04432 37.7292


MP.9 Det BRISK Desc FREAK img 0000 detectMS 36.1897 extractMS 43.7961 79.9858
MP.9 Det BRISK Desc FREAK img 0001 detectMS 35.217 extractMS 43.3426 78.5596
MP.9 Det BRISK Desc FREAK img 0002 detectMS 34.454 extractMS 43.4808 77.9348
MP.9 Det BRISK Desc FREAK img 0003 detectMS 34.8635 extractMS 42.5264 77.3899
MP.9 Det BRISK Desc FREAK img 0004 detectMS 34.6783 extractMS 42.2637 76.9419
MP.9 Det BRISK Desc FREAK img 0005 detectMS 34.5248 extractMS 41.4067 75.9315
MP.9 Det BRISK Desc FREAK img 0006 detectMS 34.5881 extractMS 41.7987 76.3868
MP.9 Det BRISK Desc FREAK img 0007 detectMS 34.0201 extractMS 41.4698 75.49
MP.9 Det BRISK Desc FREAK img 0008 detectMS 34.2814 extractMS 41.6079 75.8893
MP.9 Det BRISK Desc FREAK img 0009 detectMS 34.6893 extractMS 41.2015 75.8907


MP.9 Det BRISK Desc BRISK img 0000 detectMS 36.5412 extractMS 2.66052 39.2017
MP.9 Det BRISK Desc BRISK img 0001 detectMS 35.4154 extractMS 2.58669 38.0021
MP.9 Det BRISK Desc BRISK img 0002 detectMS 35.5204 extractMS 2.61773 38.1382
MP.9 Det BRISK Desc BRISK img 0003 detectMS 34.5727 extractMS 2.5786 37.1513
MP.9 Det BRISK Desc BRISK img 0004 detectMS 34.8745 extractMS 2.9681 37.8426
MP.9 Det BRISK Desc BRISK img 0005 detectMS 34.9524 extractMS 2.6878 37.6402
MP.9 Det BRISK Desc BRISK img 0006 detectMS 34.5517 extractMS 2.7056 37.2573
MP.9 Det BRISK Desc BRISK img 0007 detectMS 33.9441 extractMS 2.56082 36.5049
MP.9 Det BRISK Desc BRISK img 0008 detectMS 34.3485 extractMS 2.45447 36.803
MP.9 Det BRISK Desc BRISK img 0009 detectMS 34.629 extractMS 2.36877 36.9978


MP.9 Det BRISK Desc SIFT img 0000 detectMS 36.3444 extractMS 25.2806 61.6251
MP.9 Det BRISK Desc SIFT img 0001 detectMS 35.0834 extractMS 21.6333 56.7167
MP.9 Det BRISK Desc SIFT img 0002 detectMS 35.0637 extractMS 21.4421 56.5058
MP.9 Det BRISK Desc SIFT img 0003 detectMS 35.2295 extractMS 22.3969 57.6263
MP.9 Det BRISK Desc SIFT img 0004 detectMS 34.9958 extractMS 21.7796 56.7754
MP.9 Det BRISK Desc SIFT img 0005 detectMS 34.5499 extractMS 22.8651 57.415
MP.9 Det BRISK Desc SIFT img 0006 detectMS 34.526 extractMS 22.3235 56.8495
MP.9 Det BRISK Desc SIFT img 0007 detectMS 33.9833 extractMS 22.9937 56.977
MP.9 Det BRISK Desc SIFT img 0008 detectMS 34.4339 extractMS 21.3405 55.7744
MP.9 Det BRISK Desc SIFT img 0009 detectMS 34.6784 extractMS 26.2121 60.8905


MP.9 Det FAST Desc BRIEF img 0000 detectMS 0.91358 extractMS 1.20416 2.11774
MP.9 Det FAST Desc BRIEF img 0001 detectMS 0.797967 extractMS 1.0578 1.85576
MP.9 Det FAST Desc BRIEF img 0002 detectMS 0.740959 extractMS 1.0129 1.75386
MP.9 Det FAST Desc BRIEF img 0003 detectMS 0.702797 extractMS 0.584731 1.28753
MP.9 Det FAST Desc BRIEF img 0004 detectMS 2.45561 extractMS 1.80814 4.26375
MP.9 Det FAST Desc BRIEF img 0005 detectMS 2.44492 extractMS 1.80453 4.24944
MP.9 Det FAST Desc BRIEF img 0006 detectMS 0.700507 extractMS 0.590876 1.29138
MP.9 Det FAST Desc BRIEF img 0007 detectMS 2.45618 extractMS 1.82986 4.28604
MP.9 Det FAST Desc BRIEF img 0008 detectMS 0.706702 extractMS 0.533541 1.24024
MP.9 Det FAST Desc BRIEF img 0009 detectMS 0.704459 extractMS 0.543076 1.24754


MP.9 Det FAST Desc ORB img 0000 detectMS 0.759132 extractMS 1.15523 1.91436
MP.9 Det FAST Desc ORB img 0001 detectMS 0.750141 extractMS 0.935761 1.6859
MP.9 Det FAST Desc ORB img 0002 detectMS 0.738138 extractMS 0.962397 1.70054
MP.9 Det FAST Desc ORB img 0003 detectMS 2.46072 extractMS 2.77905 5.23977
MP.9 Det FAST Desc ORB img 0004 detectMS 2.44033 extractMS 2.67941 5.11975
MP.9 Det FAST Desc ORB img 0005 detectMS 0.696434 extractMS 0.783676 1.48011
MP.9 Det FAST Desc ORB img 0006 detectMS 0.69775 extractMS 0.789201 1.48695
MP.9 Det FAST Desc ORB img 0007 detectMS 2.41953 extractMS 2.66559 5.08512
MP.9 Det FAST Desc ORB img 0008 detectMS 2.46495 extractMS 2.62606 5.09101
MP.9 Det FAST Desc ORB img 0009 detectMS 0.705946 extractMS 0.773019 1.47897


MP.9 Det FAST Desc FREAK img 0000 detectMS 0.753826 extractMS 44.3302 45.0841
MP.9 Det FAST Desc FREAK img 0001 detectMS 0.743443 extractMS 43.1942 43.9376
MP.9 Det FAST Desc FREAK img 0002 detectMS 0.711883 extractMS 43.2375 43.9494
MP.9 Det FAST Desc FREAK img 0003 detectMS 0.698441 extractMS 41.0598 41.7582
MP.9 Det FAST Desc FREAK img 0004 detectMS 0.701904 extractMS 41.282 41.9839
MP.9 Det FAST Desc FREAK img 0005 detectMS 0.697268 extractMS 41.2319 41.9292
MP.9 Det FAST Desc FREAK img 0006 detectMS 2.4445 extractMS 55.583 58.0275
MP.9 Det FAST Desc FREAK img 0007 detectMS 0.694813 extractMS 41.0957 41.7905
MP.9 Det FAST Desc FREAK img 0008 detectMS 2.45596 extractMS 54.1637 56.6196
MP.9 Det FAST Desc FREAK img 0009 detectMS 0.703953 extractMS 40.6946 41.3986


MP.9 Det FAST Desc BRISK img 0000 detectMS 0.766437 extractMS 2.04156 2.808
MP.9 Det FAST Desc BRISK img 0001 detectMS 0.732805 extractMS 1.88462 2.61742
MP.9 Det FAST Desc BRISK img 0002 detectMS 0.707281 extractMS 1.88451 2.59179
MP.9 Det FAST Desc BRISK img 0003 detectMS 2.44287 extractMS 1.58637 4.02924
MP.9 Det FAST Desc BRISK img 0004 detectMS 2.45451 extractMS 1.42427 3.87878
MP.9 Det FAST Desc BRISK img 0005 detectMS 2.43585 extractMS 1.41519 3.85105
MP.9 Det FAST Desc BRISK img 0006 detectMS 2.42787 extractMS 1.65861 4.08648
MP.9 Det FAST Desc BRISK img 0007 detectMS 2.42104 extractMS 1.50617 3.92722
MP.9 Det FAST Desc BRISK img 0008 detectMS 2.45984 extractMS 1.34354 3.80339
MP.9 Det FAST Desc BRISK img 0009 detectMS 2.45493 extractMS 1.42352 3.87844


MP.9 Det FAST Desc SIFT img 0000 detectMS 0.764233 extractMS 16.6968 17.461
MP.9 Det FAST Desc SIFT img 0001 detectMS 0.740614 extractMS 15.4238 16.1645
MP.9 Det FAST Desc SIFT img 0002 detectMS 0.706629 extractMS 12.8252 13.5319
MP.9 Det FAST Desc SIFT img 0003 detectMS 2.44625 extractMS 28.6989 31.1451
MP.9 Det FAST Desc SIFT img 0004 detectMS 2.56384 extractMS 28.3925 30.9563
MP.9 Det FAST Desc SIFT img 0005 detectMS 2.42932 extractMS 30.084 32.5133
MP.9 Det FAST Desc SIFT img 0006 detectMS 2.43962 extractMS 29.434 31.8736
MP.9 Det FAST Desc SIFT img 0007 detectMS 0.697548 extractMS 14.3752 15.0728
MP.9 Det FAST Desc SIFT img 0008 detectMS 2.45758 extractMS 28.1176 30.5752
MP.9 Det FAST Desc SIFT img 0009 detectMS 2.45062 extractMS 30.8 33.2506


MP.9 Det ORB Desc BRIEF img 0000 detectMS 8.13522 extractMS 0.907227 9.04245
MP.9 Det ORB Desc BRIEF img 0001 detectMS 6.05394 extractMS 0.399311 6.45326
MP.9 Det ORB Desc BRIEF img 0002 detectMS 6.01588 extractMS 0.40927 6.42515
MP.9 Det ORB Desc BRIEF img 0003 detectMS 9.49929 extractMS 0.425018 9.92431
MP.9 Det ORB Desc BRIEF img 0004 detectMS 5.35649 extractMS 0.411618 5.76811
MP.9 Det ORB Desc BRIEF img 0005 detectMS 9.23447 extractMS 0.44959 9.68406
MP.9 Det ORB Desc BRIEF img 0006 detectMS 9.12713 extractMS 0.467573 9.5947
MP.9 Det ORB Desc BRIEF img 0007 detectMS 5.48878 extractMS 0.447237 5.93602
MP.9 Det ORB Desc BRIEF img 0008 detectMS 9.51601 extractMS 0.440005 9.95601
MP.9 Det ORB Desc BRIEF img 0009 detectMS 5.47287 extractMS 0.437613 5.91048


MP.9 Det ORB Desc ORB img 0000 detectMS 7.25046 extractMS 3.85714 11.1076
MP.9 Det ORB Desc ORB img 0001 detectMS 5.92746 extractMS 3.11067 9.03813
MP.9 Det ORB Desc ORB img 0002 detectMS 6.04927 extractMS 3.11504 9.16432
MP.9 Det ORB Desc ORB img 0003 detectMS 5.72178 extractMS 3.10704 8.82882
MP.9 Det ORB Desc ORB img 0004 detectMS 8.74428 extractMS 3.2407 11.985
MP.9 Det ORB Desc ORB img 0005 detectMS 16.7386 extractMS 5.20554 21.9442
MP.9 Det ORB Desc ORB img 0006 detectMS 9.33637 extractMS 3.32223 12.6586
MP.9 Det ORB Desc ORB img 0007 detectMS 9.4344 extractMS 3.41459 12.849
MP.9 Det ORB Desc ORB img 0008 detectMS 5.47135 extractMS 3.15428 8.62563
MP.9 Det ORB Desc ORB img 0009 detectMS 8.54654 extractMS 3.20663 11.7532


MP.9 Det ORB Desc FREAK img 0000 detectMS 7.37095 extractMS 43.7385 51.1094
MP.9 Det ORB Desc FREAK img 0001 detectMS 5.93062 extractMS 42.0896 48.0202
MP.9 Det ORB Desc FREAK img 0002 detectMS 5.38894 extractMS 41.4767 46.8656
MP.9 Det ORB Desc FREAK img 0003 detectMS 5.36099 extractMS 41.025 46.386
MP.9 Det ORB Desc FREAK img 0004 detectMS 5.89322 extractMS 40.5483 46.4415
MP.9 Det ORB Desc FREAK img 0005 detectMS 9.09414 extractMS 40.4137 49.5078
MP.9 Det ORB Desc FREAK img 0006 detectMS 5.42441 extractMS 40.4918 45.9162
MP.9 Det ORB Desc FREAK img 0007 detectMS 9.31338 extractMS 40.4678 49.7812
MP.9 Det ORB Desc FREAK img 0008 detectMS 5.58242 extractMS 40.275 45.8575
MP.9 Det ORB Desc FREAK img 0009 detectMS 8.67528 extractMS 40.3742 49.0495


MP.9 Det ORB Desc BRISK img 0000 detectMS 8.36101 extractMS 1.40587 9.76687
MP.9 Det ORB Desc BRISK img 0001 detectMS 6.2638 extractMS 1.09872 7.36251
MP.9 Det ORB Desc BRISK img 0002 detectMS 5.94579 extractMS 1.17995 7.12574
MP.9 Det ORB Desc BRISK img 0003 detectMS 9.33469 extractMS 1.18666 10.5213
MP.9 Det ORB Desc BRISK img 0004 detectMS 8.84381 extractMS 1.19797 10.0418
MP.9 Det ORB Desc BRISK img 0005 detectMS 5.384 extractMS 1.27506 6.65906
MP.9 Det ORB Desc BRISK img 0006 detectMS 10.3319 extractMS 1.40926 11.7411
MP.9 Det ORB Desc BRISK img 0007 detectMS 5.62823 extractMS 1.2758 6.90402
MP.9 Det ORB Desc BRISK img 0008 detectMS 8.55312 extractMS 1.25404 9.80716
MP.9 Det ORB Desc BRISK img 0009 detectMS 5.71054 extractMS 1.24739 6.95793


MP.9 Det ORB Desc SIFT img 0000 detectMS 7.03256 extractMS 28.4532 35.4858
MP.9 Det ORB Desc SIFT img 0001 detectMS 5.6248 extractMS 23.857 29.4818
MP.9 Det ORB Desc SIFT img 0002 detectMS 5.78515 extractMS 26.1841 31.9692
MP.9 Det ORB Desc SIFT img 0003 detectMS 8.89889 extractMS 25.5728 34.4717
MP.9 Det ORB Desc SIFT img 0004 detectMS 7.75251 extractMS 26.0729 33.8254
MP.9 Det ORB Desc SIFT img 0005 detectMS 18.2247 extractMS 32.0664 50.2911
MP.9 Det ORB Desc SIFT img 0006 detectMS 18.5148 extractMS 33.7728 52.2876
MP.9 Det ORB Desc SIFT img 0007 detectMS 8.77877 extractMS 28.5061 37.2848
MP.9 Det ORB Desc SIFT img 0008 detectMS 19.2638 extractMS 33.874 53.1378
MP.9 Det ORB Desc SIFT img 0009 detectMS 9.44563 extractMS 27.409 36.8546


MP.9 Det AKAZE Desc BRIEF img 0000 detectMS 47.1882 extractMS 1.20983 48.398
MP.9 Det AKAZE Desc BRIEF img 0001 detectMS 46.5676 extractMS 1.019 47.5866
MP.9 Det AKAZE Desc BRIEF img 0002 detectMS 45.7304 extractMS 1.06034 46.7907
MP.9 Det AKAZE Desc BRIEF img 0003 detectMS 61.7472 extractMS 1.00847 62.7556
MP.9 Det AKAZE Desc BRIEF img 0004 detectMS 63.1366 extractMS 1.08345 64.22
MP.9 Det AKAZE Desc BRIEF img 0005 detectMS 58.8268 extractMS 1.07726 59.904
MP.9 Det AKAZE Desc BRIEF img 0006 detectMS 62.3471 extractMS 1.14236 63.4895
MP.9 Det AKAZE Desc BRIEF img 0007 detectMS 45.596 extractMS 1.08274 46.6787
MP.9 Det AKAZE Desc BRIEF img 0008 detectMS 61.9626 extractMS 1.11386 63.0765
MP.9 Det AKAZE Desc BRIEF img 0009 detectMS 62.362 extractMS 1.07655 63.4385


MP.9 Det AKAZE Desc ORB img 0000 detectMS 47.5531 extractMS 2.48891 50.0421
MP.9 Det AKAZE Desc ORB img 0001 detectMS 45.7572 extractMS 2.47107 48.2283
MP.9 Det AKAZE Desc ORB img 0002 detectMS 46.9262 extractMS 2.29622 49.2224
MP.9 Det AKAZE Desc ORB img 0003 detectMS 59.658 extractMS 2.57338 62.2314
MP.9 Det AKAZE Desc ORB img 0004 detectMS 64.6909 extractMS 2.28154 66.9725
MP.9 Det AKAZE Desc ORB img 0005 detectMS 62.1186 extractMS 2.62784 64.7465
MP.9 Det AKAZE Desc ORB img 0006 detectMS 61.6884 extractMS 2.618 64.3064
MP.9 Det AKAZE Desc ORB img 0007 detectMS 62.5778 extractMS 2.30601 64.8838
MP.9 Det AKAZE Desc ORB img 0008 detectMS 60.9876 extractMS 2.28962 63.2772
MP.9 Det AKAZE Desc ORB img 0009 detectMS 62.6845 extractMS 2.62195 65.3065


MP.9 Det AKAZE Desc FREAK img 0000 detectMS 47.635 extractMS 43.5636 91.1986
MP.9 Det AKAZE Desc FREAK img 0001 detectMS 42.8865 extractMS 40.9683 83.8548
MP.9 Det AKAZE Desc FREAK img 0002 detectMS 39.5884 extractMS 42.893 82.4814
MP.9 Det AKAZE Desc FREAK img 0003 detectMS 57.4591 extractMS 42.8821 100.341
MP.9 Det AKAZE Desc FREAK img 0004 detectMS 57.7157 extractMS 43.3116 101.027
MP.9 Det AKAZE Desc FREAK img 0005 detectMS 54.6327 extractMS 43.6146 98.2473
MP.9 Det AKAZE Desc FREAK img 0006 detectMS 56.8488 extractMS 43.7796 100.628
MP.9 Det AKAZE Desc FREAK img 0007 detectMS 61.0334 extractMS 43.297 104.33
MP.9 Det AKAZE Desc FREAK img 0008 detectMS 54.4409 extractMS 43.0285 97.4694
MP.9 Det AKAZE Desc FREAK img 0009 detectMS 62.4035 extractMS 43.3523 105.756


MP.9 Det AKAZE Desc AKAZE img 0000 detectMS 48.4628 extractMS 39.5624 88.0252
MP.9 Det AKAZE Desc AKAZE img 0001 detectMS 42.7186 extractMS 35.1669 77.8854
MP.9 Det AKAZE Desc AKAZE img 0002 detectMS 46.8321 extractMS 39.4745 86.3066
MP.9 Det AKAZE Desc AKAZE img 0003 detectMS 63.0389 extractMS 38.9346 101.973
MP.9 Det AKAZE Desc AKAZE img 0004 detectMS 62.1835 extractMS 40.6237 102.807
MP.9 Det AKAZE Desc AKAZE img 0005 detectMS 67.6962 extractMS 40.63 108.326
MP.9 Det AKAZE Desc AKAZE img 0006 detectMS 66.996 extractMS 40.3467 107.343
MP.9 Det AKAZE Desc AKAZE img 0007 detectMS 66.714 extractMS 57.5125 124.226
MP.9 Det AKAZE Desc AKAZE img 0008 detectMS 68.5276 extractMS 40.6596 109.187
MP.9 Det AKAZE Desc AKAZE img 0009 detectMS 66.8823 extractMS 39.7038 106.586


MP.9 Det AKAZE Desc BRISK img 0000 detectMS 46.9656 extractMS 1.58193 48.5476
MP.9 Det AKAZE Desc BRISK img 0001 detectMS 42.2258 extractMS 1.48917 43.715
MP.9 Det AKAZE Desc BRISK img 0002 detectMS 45.4571 extractMS 1.57463 47.0317
MP.9 Det AKAZE Desc BRISK img 0003 detectMS 58.6647 extractMS 1.47158 60.1363
MP.9 Det AKAZE Desc BRISK img 0004 detectMS 60.3217 extractMS 1.5688 61.8905
MP.9 Det AKAZE Desc BRISK img 0005 detectMS 63.6593 extractMS 2.17139 65.8306
MP.9 Det AKAZE Desc BRISK img 0006 detectMS 63.1641 extractMS 2.14014 65.3042
MP.9 Det AKAZE Desc BRISK img 0007 detectMS 61.7677 extractMS 1.65652 63.4242
MP.9 Det AKAZE Desc BRISK img 0008 detectMS 59.3002 extractMS 1.71191 61.0121
MP.9 Det AKAZE Desc BRISK img 0009 detectMS 62.3321 extractMS 2.05224 64.3843


MP.9 Det AKAZE Desc SIFT img 0000 detectMS 47.9136 extractMS 18.0751 65.9887
MP.9 Det AKAZE Desc SIFT img 0001 detectMS 41.0448 extractMS 14.5509 55.5957
MP.9 Det AKAZE Desc SIFT img 0002 detectMS 46.1707 extractMS 15.5982 61.7689
MP.9 Det AKAZE Desc SIFT img 0003 detectMS 58.9771 extractMS 13.8177 72.7947
MP.9 Det AKAZE Desc SIFT img 0004 detectMS 60.2391 extractMS 15.1062 75.3453
MP.9 Det AKAZE Desc SIFT img 0005 detectMS 59.7674 extractMS 15.0862 74.8536
MP.9 Det AKAZE Desc SIFT img 0006 detectMS 59.3113 extractMS 16.3565 75.6678
MP.9 Det AKAZE Desc SIFT img 0007 detectMS 45.8102 extractMS 14.4224 60.2326
MP.9 Det AKAZE Desc SIFT img 0008 detectMS 55.9135 extractMS 14.7991 70.7126
MP.9 Det AKAZE Desc SIFT img 0009 detectMS 56.3633 extractMS 14.8899 71.2532



MP.9 Det SIFT Desc BRIEF img 0000 detectMS 80.3496 extractMS 1.05289 81.4025
MP.9 Det SIFT Desc BRIEF img 0001 detectMS 74.2154 extractMS 0.990119 75.2056
MP.9 Det SIFT Desc BRIEF img 0002 detectMS 77.9396 extractMS 0.537803 78.4774
MP.9 Det SIFT Desc BRIEF img 0003 detectMS 74.1113 extractMS 0.996312 75.1076
MP.9 Det SIFT Desc BRIEF img 0004 detectMS 79.1038 extractMS 0.57735 79.6812
MP.9 Det SIFT Desc BRIEF img 0005 detectMS 79.106 extractMS 0.583205 79.6892
MP.9 Det SIFT Desc BRIEF img 0006 detectMS 91.8954 extractMS 0.575573 92.4709
MP.9 Det SIFT Desc BRIEF img 0007 detectMS 91.1975 extractMS 0.581392 91.7789
MP.9 Det SIFT Desc BRIEF img 0008 detectMS 92.3914 extractMS 0.62298 93.0144
MP.9 Det SIFT Desc BRIEF img 0009 detectMS 92.9301 extractMS 0.559632 93.4897


MP.9 Det SIFT Desc FREAK img 0000 detectMS 79.6483 extractMS 43.5516 123.2
MP.9 Det SIFT Desc FREAK img 0001 detectMS 75.2338 extractMS 43.1929 118.427
MP.9 Det SIFT Desc FREAK img 0002 detectMS 74.4824 extractMS 43.019 117.501
MP.9 Det SIFT Desc FREAK img 0003 detectMS 79.9776 extractMS 40.8812 120.859
MP.9 Det SIFT Desc FREAK img 0004 detectMS 80.5446 extractMS 41.4218 121.966
MP.9 Det SIFT Desc FREAK img 0005 detectMS 90.6856 extractMS 41.0274 131.713
MP.9 Det SIFT Desc FREAK img 0006 detectMS 103.771 extractMS 42.5211 146.292
MP.9 Det SIFT Desc FREAK img 0007 detectMS 95.8477 extractMS 40.9844 136.832
MP.9 Det SIFT Desc FREAK img 0008 detectMS 90.7738 extractMS 41.0118 131.786
MP.9 Det SIFT Desc FREAK img 0009 detectMS 92.3947 extractMS 40.9763 133.371


MP.9 Det SIFT Desc BRISK img 0000 detectMS 78.7077 extractMS 1.84565 80.5534
MP.9 Det SIFT Desc BRISK img 0001 detectMS 75.0203 extractMS 1.77653 76.7968
MP.9 Det SIFT Desc BRISK img 0002 detectMS 80.3387 extractMS 1.23206 81.5707
MP.9 Det SIFT Desc BRISK img 0003 detectMS 80.2809 extractMS 1.39706 81.678
MP.9 Det SIFT Desc BRISK img 0004 detectMS 81.734 extractMS 1.39797 83.132
MP.9 Det SIFT Desc BRISK img 0005 detectMS 79.0516 extractMS 1.3672 80.4188
MP.9 Det SIFT Desc BRISK img 0006 detectMS 78.2471 extractMS 1.34616 79.5932
MP.9 Det SIFT Desc BRISK img 0007 detectMS 78.1191 extractMS 1.5268 79.6459
MP.9 Det SIFT Desc BRISK img 0008 detectMS 87.2757 extractMS 1.5035 88.7792
MP.9 Det SIFT Desc BRISK img 0009 detectMS 78.9648 extractMS 1.33811 80.3029


MP.9 Det SIFT Desc SIFT img 0000 detectMS 77.9035 extractMS 63.0467 140.95
MP.9 Det SIFT Desc SIFT img 0001 detectMS 55.3551 extractMS 43.0858 98.441
MP.9 Det SIFT Desc SIFT img 0002 detectMS 56.0083 extractMS 43.5999 99.6083
MP.9 Det SIFT Desc SIFT img 0003 detectMS 60.0518 extractMS 44.7582 104.81
MP.9 Det SIFT Desc SIFT img 0004 detectMS 61.3748 extractMS 46.3611 107.736
MP.9 Det SIFT Desc SIFT img 0005 detectMS 59.3089 extractMS 45.3401 104.649
MP.9 Det SIFT Desc SIFT img 0006 detectMS 60.2167 extractMS 45.1104 105.327
MP.9 Det SIFT Desc SIFT img 0007 detectMS 60.0217 extractMS 45.5594 105.581
MP.9 Det SIFT Desc SIFT img 0008 detectMS 59.2344 extractMS 45.0231 104.258
MP.9 Det SIFT Desc SIFT img 0009 detectMS 58.1268 extractMS 46.8958 105.023

